#! /c/Source/iverilog-install/bin/vvp
:ivl_version "12.0 (devel)" "(s20150603-1539-g2693dd32b)";
:ivl_delay_selection "TYPICAL";
:vpi_time_precision + 0;
:vpi_module "C:\iverilog\lib\ivl\system.vpi";
:vpi_module "C:\iverilog\lib\ivl\vhdl_sys.vpi";
:vpi_module "C:\iverilog\lib\ivl\vhdl_textio.vpi";
:vpi_module "C:\iverilog\lib\ivl\v2005_math.vpi";
:vpi_module "C:\iverilog\lib\ivl\va_math.vpi";
S_0000029939b52ce0 .scope module, "Data_Memory" "Data_Memory" 2 1;
 .timescale 0 0;
    .port_info 0 /INPUT 1 "clk";
    .port_info 1 /INPUT 1 "reset";
    .port_info 2 /INPUT 1 "MemWrite";
    .port_info 3 /INPUT 1 "MemRead";
    .port_info 4 /INPUT 32 "read_address";
    .port_info 5 /INPUT 32 "Write_data";
    .port_info 6 /OUTPUT 32 "MemData_out";
v0000029939b52e70 .array "D_Memory", 0 63, 31 0;
v0000029939b52f10_0 .net "MemData_out", 31 0, L_0000029939bcc4b0;  1 drivers
o0000029939b87008 .functor BUFZ 1, C4<z>; HiZ drive
v0000029939b52fb0_0 .net "MemRead", 0 0, o0000029939b87008;  0 drivers
o0000029939b87038 .functor BUFZ 1, C4<z>; HiZ drive
v0000029939b53050_0 .net "MemWrite", 0 0, o0000029939b87038;  0 drivers
o0000029939b87068 .functor BUFZ 32, C4<zzzzzzzzzzzzzzzzzzzzzzzzzzzzzzzz>; HiZ drive
v0000029939b530f0_0 .net "Write_data", 31 0, o0000029939b87068;  0 drivers
v0000029939b84d00_0 .net *"_ivl_0", 31 0, L_0000029939bcbdd0;  1 drivers
v0000029939b84da0_0 .net *"_ivl_2", 31 0, L_0000029939bcbe70;  1 drivers
v0000029939b84e40_0 .net *"_ivl_4", 29 0, L_0000029939bcc410;  1 drivers
L_0000029939bccc58 .functor BUFT 1, C4<00>, C4<0>, C4<0>, C4<0>;
v0000029939b84ee0_0 .net *"_ivl_6", 1 0, L_0000029939bccc58;  1 drivers
L_0000029939bccca0 .functor BUFT 1, C4<00000000000000000000000000000000>, C4<0>, C4<0>, C4<0>;
v0000029939b84f80_0 .net/2u *"_ivl_8", 31 0, L_0000029939bccca0;  1 drivers
o0000029939b87188 .functor BUFZ 1, C4<z>; HiZ drive
v0000029939bcbf10_0 .net "clk", 0 0, o0000029939b87188;  0 drivers
v0000029939bccb90_0 .var/i "k", 31 0;
o0000029939b871e8 .functor BUFZ 32, C4<zzzzzzzzzzzzzzzzzzzzzzzzzzzzzzzz>; HiZ drive
v0000029939bcc730_0 .net "read_address", 31 0, o0000029939b871e8;  0 drivers
o0000029939b87218 .functor BUFZ 1, C4<z>; HiZ drive
v0000029939bcc7d0_0 .net "reset", 0 0, o0000029939b87218;  0 drivers
E_0000029939acc150 .event posedge, v0000029939bcc7d0_0, v0000029939bcbf10_0;
L_0000029939bcbdd0 .array/port v0000029939b52e70, L_0000029939bcbe70;
L_0000029939bcc410 .part o0000029939b871e8, 2, 30;
L_0000029939bcbe70 .concat [ 30 2 0 0], L_0000029939bcc410, L_0000029939bccc58;
L_0000029939bcc4b0 .functor MUXZ 32, L_0000029939bccca0, L_0000029939bcbdd0, o0000029939b87008, C4<>;
    .scope S_0000029939b52ce0;
T_0 ;
    %pushi/vec4 32, 0, 32;
    %ix/load 4, 15, 0;
    %flag_set/imm 4, 0;
    %store/vec4a v0000029939b52e70, 4, 0;
    %end;
    .thread T_0;
    .scope S_0000029939b52ce0;
T_1 ;
    %wait E_0000029939acc150;
    %load/vec4 v0000029939bcc7d0_0;
    %cmpi/e 1, 0, 1;
    %jmp/0xz  T_1.0, 4;
    %pushi/vec4 0, 0, 32;
    %store/vec4 v0000029939bccb90_0, 0, 32;
T_1.2 ;
    %load/vec4 v0000029939bccb90_0;
    %cmpi/s 64, 0, 32;
    %jmp/0xz T_1.3, 5;
    %load/vec4 v0000029939bccb90_0;
    %ix/getv/s 3, v0000029939bccb90_0;
    %ix/load 4, 0, 0; Constant delay
    %assign/vec4/a/d v0000029939b52e70, 0, 4;
    %load/vec4 v0000029939bccb90_0;
    %addi 1, 0, 32;
    %store/vec4 v0000029939bccb90_0, 0, 32;
    %jmp T_1.2;
T_1.3 ;
    %jmp T_1.1;
T_1.0 ;
    %load/vec4 v0000029939b53050_0;
    %flag_set/vec4 8;
    %jmp/0xz  T_1.4, 8;
    %load/vec4 v0000029939b530f0_0;
    %load/vec4 v0000029939bcc730_0;
    %ix/load 4, 2, 0;
    %flag_set/imm 4, 0;
    %shiftr 4;
    %ix/vec4 3;
    %ix/load 4, 0, 0; Constant delay
    %assign/vec4/a/d v0000029939b52e70, 0, 4;
T_1.4 ;
T_1.1 ;
    %jmp T_1;
    .thread T_1;
# The file index is used to find the file name in the following table.
:file_names 3;
    "N/A";
    "<interactive>";
    "Data_Memory.v";
