#! /c/Source/iverilog-install/bin/vvp
:ivl_version "12.0 (devel)" "(s20150603-1539-g2693dd32b)";
:ivl_delay_selection "TYPICAL";
:vpi_time_precision + 0;
:vpi_module "C:\iverilog\lib\ivl\system.vpi";
:vpi_module "C:\iverilog\lib\ivl\vhdl_sys.vpi";
:vpi_module "C:\iverilog\lib\ivl\vhdl_textio.vpi";
:vpi_module "C:\iverilog\lib\ivl\v2005_math.vpi";
:vpi_module "C:\iverilog\lib\ivl\va_math.vpi";
S_000001b871d727f0 .scope module, "Instruction_Memory" "Instruction_Memory" 2 1;
 .timescale 0 0;
    .port_info 0 /INPUT 1 "reset";
    .port_info 1 /INPUT 32 "read_address";
    .port_info 2 /OUTPUT 32 "instruction_out";
L_000001b871d732e0 .functor BUFZ 32, L_000001b871d5ecc0, C4<00000000000000000000000000000000>, C4<00000000000000000000000000000000>, C4<00000000000000000000000000000000>;
v000001b871d72980 .array "Memory", 0 63, 31 0;
v000001b871d72a20_0 .net *"_ivl_0", 31 0, L_000001b871d5ecc0;  1 drivers
v000001b871d72ac0_0 .net "instruction_out", 31 0, L_000001b871d732e0;  1 drivers
v000001b871d72b60_0 .var/i "k", 31 0;
o000001b871da7068 .functor BUFZ 32, C4<zzzzzzzzzzzzzzzzzzzzzzzzzzzzzzzz>; HiZ drive
v000001b871d72c00_0 .net "read_address", 31 0, o000001b871da7068;  0 drivers
o000001b871da7098 .functor BUFZ 1, C4<z>; HiZ drive
v000001b871d5ec20_0 .net "reset", 0 0, o000001b871da7098;  0 drivers
E_000001b871d58b10 .event posedge, v000001b871d5ec20_0;
L_000001b871d5ecc0 .array/port v000001b871d72980, o000001b871da7068;
    .scope S_000001b871d727f0;
T_0 ;
    %wait E_000001b871d58b10;
    %pushi/vec4 0, 0, 32;
    %store/vec4 v000001b871d72b60_0, 0, 32;
T_0.0 ;
    %load/vec4 v000001b871d72b60_0;
    %cmpi/s 64, 0, 32;
    %jmp/0xz T_0.1, 5;
    %pushi/vec4 0, 0, 32;
    %ix/getv/s 4, v000001b871d72b60_0;
    %store/vec4a v000001b871d72980, 4, 0;
    %load/vec4 v000001b871d72b60_0;
    %addi 1, 0, 32;
    %store/vec4 v000001b871d72b60_0, 0, 32;
    %jmp T_0.0;
T_0.1 ;
    %jmp T_0;
    .thread T_0;
# The file index is used to find the file name in the following table.
:file_names 3;
    "N/A";
    "<interactive>";
    "Instruction_Memory.v";
