#! /c/Source/iverilog-install/bin/vvp
:ivl_version "12.0 (devel)" "(s20150603-1539-g2693dd32b)";
:ivl_delay_selection "TYPICAL";
:vpi_time_precision + 0;
:vpi_module "C:\iverilog\lib\ivl\system.vpi";
:vpi_module "C:\iverilog\lib\ivl\vhdl_sys.vpi";
:vpi_module "C:\iverilog\lib\ivl\vhdl_textio.vpi";
:vpi_module "C:\iverilog\lib\ivl\v2005_math.vpi";
:vpi_module "C:\iverilog\lib\ivl\va_math.vpi";
S_000001f6bf6d6cd0 .scope module, "Program_Counter" "Program_Counter" 2 1;
 .timescale 0 0;
    .port_info 0 /INPUT 1 "clk";
    .port_info 1 /INPUT 1 "reset";
    .port_info 2 /INPUT 32 "PC_in";
    .port_info 3 /OUTPUT 32 "PC_out";
o000001f6bf6d6f08 .functor BUFZ 32, C4<zzzzzzzzzzzzzzzzzzzzzzzzzzzzzzzz>; HiZ drive
v000001f6bf6d6e60_0 .net "PC_in", 31 0, o000001f6bf6d6f08;  0 drivers
v000001f6bf6a2c30_0 .var "PC_out", 31 0;
o000001f6bf6d6f68 .functor BUFZ 1, C4<z>; HiZ drive
v000001f6bf68e7a0_0 .net "clk", 0 0, o000001f6bf6d6f68;  0 drivers
o000001f6bf6d6f98 .functor BUFZ 1, C4<z>; HiZ drive
v000001f6bf68e840_0 .net "reset", 0 0, o000001f6bf6d6f98;  0 drivers
E_000001f6bf6d4b50 .event posedge, v000001f6bf68e7a0_0;
    .scope S_000001f6bf6d6cd0;
T_0 ;
    %wait E_000001f6bf6d4b50;
    %load/vec4 v000001f6bf68e840_0;
    %flag_set/vec4 8;
    %jmp/0xz  T_0.0, 8;
    %pushi/vec4 0, 0, 32;
    %assign/vec4 v000001f6bf6a2c30_0, 0;
    %jmp T_0.1;
T_0.0 ;
    %load/vec4 v000001f6bf6d6e60_0;
    %assign/vec4 v000001f6bf6a2c30_0, 0;
T_0.1 ;
    %jmp T_0;
    .thread T_0;
# The file index is used to find the file name in the following table.
:file_names 3;
    "N/A";
    "<interactive>";
    "Program_Counter.v";
