#! /c/Source/iverilog-install/bin/vvp
:ivl_version "12.0 (devel)" "(s20150603-1539-g2693dd32b)";
:ivl_delay_selection "TYPICAL";
:vpi_time_precision + 0;
:vpi_module "C:\iverilog\lib\ivl\system.vpi";
:vpi_module "C:\iverilog\lib\ivl\vhdl_sys.vpi";
:vpi_module "C:\iverilog\lib\ivl\vhdl_textio.vpi";
:vpi_module "C:\iverilog\lib\ivl\v2005_math.vpi";
:vpi_module "C:\iverilog\lib\ivl\va_math.vpi";
S_00000258c68a7db0 .scope module, "RISCV_TOP" "RISCV_TOP" 2 14;
 .timescale 0 0;
    .port_info 0 /INPUT 1 "clk";
    .port_info 1 /INPUT 1 "reset";
v00000258c693ced0_0 .net "ALUOpTop", 1 0, v00000258c6938d70_0;  1 drivers
v00000258c693dab0_0 .net "ALUSrc_top", 0 0, v00000258c6939630_0;  1 drivers
v00000258c693e230_0 .net "ImmExt_top", 31 0, v00000258c693a170_0;  1 drivers
v00000258c693cc50_0 .net "MemRead_top", 0 0, v00000258c6939f90_0;  1 drivers
v00000258c693d510_0 .net "MemWrite_top", 0 0, v00000258c6939450_0;  1 drivers
v00000258c693d650_0 .net "Memdata_top", 31 0, L_00000258c693f3e0;  1 drivers
v00000258c693ccf0_0 .net "MemtoReg_top", 0 0, v00000258c6939130_0;  1 drivers
v00000258c693cb10_0 .net "NextoPc_top", 31 0, L_00000258c693fa20;  1 drivers
v00000258c693d6f0_0 .net "PC_top", 31 0, v00000258c693df10_0;  1 drivers
v00000258c693e2d0_0 .net "PCin_top", 31 0, L_00000258c6940880;  1 drivers
v00000258c693cd90_0 .net "Rd1_top", 31 0, L_00000258c68b5ff0;  1 drivers
v00000258c693d790_0 .net "Rd2_top", 31 0, L_00000258c69417f0;  1 drivers
v00000258c693e370_0 .net "RegWrite_top", 0 0, v00000258c693a670_0;  1 drivers
v00000258c693d8d0_0 .net "Sum_out_top", 31 0, L_00000258c693ec60;  1 drivers
v00000258c693d970_0 .net "WriteBack_top", 31 0, L_00000258c693f2a0;  1 drivers
v00000258c693dc90_0 .net "address_top", 31 0, v00000258c69389b0_0;  1 drivers
v00000258c69406a0_0 .net "branch_top", 0 0, v00000258c6939b30_0;  1 drivers
o00000258c68e33d8 .functor BUFZ 1, C4<z>; HiZ drive
v00000258c693f840_0 .net "clk", 0 0, o00000258c68e33d8;  0 drivers
v00000258c693ff20_0 .net "control_top", 3 0, v00000258c68d82d0_0;  1 drivers
v00000258c693f8e0_0 .net "instruction_Top", 31 0, L_00000258c68b5e30;  1 drivers
v00000258c6940240_0 .net "mux1_top", 31 0, L_00000258c693ee40;  1 drivers
o00000258c68e3438 .functor BUFZ 1, C4<z>; HiZ drive
v00000258c693f700_0 .net "reset", 0 0, o00000258c68e3438;  0 drivers
v00000258c693f340_0 .net "sel2_top", 0 0, L_00000258c6941710;  1 drivers
v00000258c693f660_0 .net "zero_top", 0 0, v00000258c693a3f0_0;  1 drivers
L_00000258c6940600 .part L_00000258c68b5e30, 15, 5;
L_00000258c6940380 .part L_00000258c68b5e30, 20, 5;
L_00000258c6940100 .part L_00000258c68b5e30, 7, 5;
L_00000258c693f020 .part L_00000258c68b5e30, 0, 7;
L_00000258c69407e0 .part L_00000258c68b5e30, 30, 1;
L_00000258c693fde0 .part L_00000258c68b5e30, 12, 3;
L_00000258c693f480 .part L_00000258c68b5e30, 0, 7;
S_00000258c68a7f40 .scope module, "ALU_Control" "ALU_Control" 2 67, 3 1 0, S_00000258c68a7db0;
 .timescale 0 0;
    .port_info 0 /INPUT 2 "ALUOp";
    .port_info 1 /INPUT 1 "fun7";
    .port_info 2 /INPUT 3 "fun3";
    .port_info 3 /OUTPUT 4 "Control_out";
v00000258c68d8190_0 .net "ALUOp", 1 0, v00000258c6938d70_0;  alias, 1 drivers
v00000258c68d82d0_0 .var "Control_out", 3 0;
v00000258c68d8410_0 .net "fun3", 2 0, L_00000258c693fde0;  1 drivers
v00000258c6938af0_0 .net "fun7", 0 0, L_00000258c69407e0;  1 drivers
E_00000258c68cf2e0 .event anyedge, v00000258c68d8190_0, v00000258c68d8410_0, v00000258c6938af0_0;
S_00000258c684deb0 .scope module, "ALU_mux" "Mux1" 2 82, 4 1 0, S_00000258c68a7db0;
 .timescale 0 0;
    .port_info 0 /INPUT 1 "sel1";
    .port_info 1 /INPUT 32 "A1";
    .port_info 2 /INPUT 32 "B1";
    .port_info 3 /OUTPUT 32 "Mux1_out";
L_00000258c69501a8 .functor BUFT 1, C4<0>, C4<0>, C4<0>, C4<0>;
L_00000258c6941780 .functor XNOR 1, v00000258c6939630_0, L_00000258c69501a8, C4<0>, C4<0>;
v00000258c6938c30_0 .net "A1", 31 0, L_00000258c69417f0;  alias, 1 drivers
v00000258c6938a50_0 .net "B1", 31 0, v00000258c693a170_0;  alias, 1 drivers
v00000258c6938b90_0 .net "Mux1_out", 31 0, L_00000258c693ee40;  alias, 1 drivers
v00000258c6938cd0_0 .net/2u *"_ivl_0", 0 0, L_00000258c69501a8;  1 drivers
v00000258c693a030_0 .net *"_ivl_2", 0 0, L_00000258c6941780;  1 drivers
v00000258c693a490_0 .net "sel1", 0 0, v00000258c6939630_0;  alias, 1 drivers
L_00000258c693ee40 .functor MUXZ 32, v00000258c693a170_0, L_00000258c69417f0, L_00000258c6941780, C4<>;
S_00000258c684e040 .scope module, "ALU_unit" "ALU_unit" 2 52, 5 1 0, S_00000258c68a7db0;
 .timescale 0 0;
    .port_info 0 /INPUT 32 "A";
    .port_info 1 /INPUT 32 "B";
    .port_info 2 /INPUT 4 "Control_in";
    .port_info 3 /OUTPUT 32 "ALU_Result";
    .port_info 4 /OUTPUT 1 "zero";
v00000258c6939590_0 .net "A", 31 0, L_00000258c68b5ff0;  alias, 1 drivers
v00000258c69389b0_0 .var "ALU_Result", 31 0;
v00000258c693a7b0_0 .net "B", 31 0, L_00000258c693ee40;  alias, 1 drivers
v00000258c6939ef0_0 .net "Control_in", 3 0, v00000258c68d82d0_0;  alias, 1 drivers
v00000258c693a3f0_0 .var "zero", 0 0;
E_00000258c68cf420 .event anyedge, v00000258c68d82d0_0, v00000258c6939590_0, v00000258c6938b90_0, v00000258c69389b0_0;
S_00000258c68b36d0 .scope module, "AND" "AND_logic" 2 87, 6 1 0, S_00000258c68a7db0;
 .timescale 0 0;
    .port_info 0 /INPUT 1 "branch";
    .port_info 1 /INPUT 1 "zero";
    .port_info 2 /OUTPUT 1 "and_out";
L_00000258c6941710 .functor AND 1, v00000258c6939b30_0, v00000258c693a3f0_0, C4<1>, C4<1>;
v00000258c6939270_0 .net "and_out", 0 0, L_00000258c6941710;  alias, 1 drivers
v00000258c6939770_0 .net "branch", 0 0, v00000258c6939b30_0;  alias, 1 drivers
v00000258c69393b0_0 .net "zero", 0 0, v00000258c693a3f0_0;  alias, 1 drivers
S_00000258c68b3860 .scope module, "Adder" "Adder" 2 91, 6 9 0, S_00000258c68a7db0;
 .timescale 0 0;
    .port_info 0 /INPUT 32 "in_1";
    .port_info 1 /INPUT 32 "in_2";
    .port_info 2 /OUTPUT 32 "Sum_out";
v00000258c69394f0_0 .net "Sum_out", 31 0, L_00000258c693ec60;  alias, 1 drivers
v00000258c693a530_0 .net "in_1", 31 0, v00000258c693df10_0;  alias, 1 drivers
v00000258c6938eb0_0 .net "in_2", 31 0, v00000258c693a170_0;  alias, 1 drivers
L_00000258c693ec60 .arith/sum 32, v00000258c693df10_0, v00000258c693a170_0;
S_00000258c68bae10 .scope module, "Adder_mux" "Mux2" 2 95, 4 11 0, S_00000258c68a7db0;
 .timescale 0 0;
    .port_info 0 /INPUT 1 "sel2";
    .port_info 1 /INPUT 32 "A2";
    .port_info 2 /INPUT 32 "B2";
    .port_info 3 /OUTPUT 32 "Mux2_out";
L_00000258c69501f0 .functor BUFT 1, C4<0>, C4<0>, C4<0>, C4<0>;
L_00000258c6941400 .functor XNOR 1, L_00000258c6941710, L_00000258c69501f0, C4<0>, C4<0>;
v00000258c6938ff0_0 .net "A2", 31 0, L_00000258c693fa20;  alias, 1 drivers
v00000258c6938e10_0 .net "B2", 31 0, L_00000258c693ec60;  alias, 1 drivers
v00000258c6938f50_0 .net "Mux2_out", 31 0, L_00000258c6940880;  alias, 1 drivers
v00000258c6939090_0 .net/2u *"_ivl_0", 0 0, L_00000258c69501f0;  1 drivers
v00000258c693a5d0_0 .net *"_ivl_2", 0 0, L_00000258c6941400;  1 drivers
v00000258c693a850_0 .net "sel2", 0 0, L_00000258c6941710;  alias, 1 drivers
L_00000258c6940880 .functor MUXZ 32, L_00000258c693ec60, L_00000258c693fa20, L_00000258c6941400, C4<>;
S_00000258c68bafa0 .scope module, "Control_Unit" "Control_Unit" 2 72, 7 1 0, S_00000258c68a7db0;
 .timescale 0 0;
    .port_info 0 /INPUT 7 "instruction";
    .port_info 1 /OUTPUT 1 "Branch";
    .port_info 2 /OUTPUT 1 "MemRead";
    .port_info 3 /OUTPUT 1 "MemtoReg";
    .port_info 4 /OUTPUT 1 "MemWrite";
    .port_info 5 /OUTPUT 1 "ALUSrc";
    .port_info 6 /OUTPUT 1 "RegWrite";
    .port_info 7 /OUTPUT 2 "ALUOp";
v00000258c6938d70_0 .var "ALUOp", 1 0;
v00000258c6939630_0 .var "ALUSrc", 0 0;
v00000258c6939b30_0 .var "Branch", 0 0;
v00000258c6939f90_0 .var "MemRead", 0 0;
v00000258c6939450_0 .var "MemWrite", 0 0;
v00000258c6939130_0 .var "MemtoReg", 0 0;
v00000258c693a670_0 .var "RegWrite", 0 0;
v00000258c693a0d0_0 .net "instruction", 6 0, L_00000258c693f480;  1 drivers
E_00000258c68cfda0 .event anyedge, v00000258c693a0d0_0;
S_00000258c68ba8e0 .scope module, "Data_Memory" "Data_Memory" 2 59, 8 1 0, S_00000258c68a7db0;
 .timescale 0 0;
    .port_info 0 /INPUT 1 "clk";
    .port_info 1 /INPUT 1 "reset";
    .port_info 2 /INPUT 1 "MemWrite";
    .port_info 3 /INPUT 1 "MemRead";
    .port_info 4 /INPUT 32 "read_address";
    .port_info 5 /INPUT 32 "Write_data";
    .port_info 6 /OUTPUT 32 "MemData_out";
v00000258c69391d0 .array "D_Memory", 0 63, 31 0;
v00000258c693a350_0 .net "MemData_out", 31 0, L_00000258c693f3e0;  alias, 1 drivers
v00000258c69396d0_0 .net "MemRead", 0 0, v00000258c6939f90_0;  alias, 1 drivers
v00000258c6939e50_0 .net "MemWrite", 0 0, v00000258c6939450_0;  alias, 1 drivers
v00000258c6939810_0 .net "Write_data", 31 0, L_00000258c69417f0;  alias, 1 drivers
v00000258c6939310_0 .net *"_ivl_0", 31 0, L_00000258c6940740;  1 drivers
L_00000258c6950160 .functor BUFT 1, C4<00000000000000000000000000000000>, C4<0>, C4<0>, C4<0>;
v00000258c6939c70_0 .net/2u *"_ivl_2", 31 0, L_00000258c6950160;  1 drivers
v00000258c6939bd0_0 .net "clk", 0 0, o00000258c68e33d8;  alias, 0 drivers
v00000258c6939d10_0 .var/i "k", 31 0;
v00000258c69398b0_0 .net "read_address", 31 0, v00000258c69389b0_0;  alias, 1 drivers
v00000258c6939db0_0 .net "reset", 0 0, o00000258c68e3438;  alias, 0 drivers
E_00000258c68cf5e0 .event posedge, v00000258c6939bd0_0;
L_00000258c6940740 .array/port v00000258c69391d0, v00000258c69389b0_0;
L_00000258c693f3e0 .functor MUXZ 32, L_00000258c6950160, L_00000258c6940740, v00000258c6939f90_0, C4<>;
S_00000258c68baa70 .scope module, "ImmGen" "ImmGen" 2 48, 9 1 0, S_00000258c68a7db0;
 .timescale 0 0;
    .port_info 0 /INPUT 7 "Opcode";
    .port_info 1 /INPUT 32 "instruction";
    .port_info 2 /OUTPUT 32 "ImmExt";
v00000258c693a170_0 .var "ImmExt", 31 0;
v00000258c6939950_0 .net "Opcode", 6 0, L_00000258c693f020;  1 drivers
v00000258c69399f0_0 .net "instruction", 31 0, L_00000258c68b5e30;  alias, 1 drivers
E_00000258c68cf620 .event anyedge, v00000258c6939950_0, v00000258c69399f0_0;
S_00000258c68b8b90 .scope module, "Inst_Memory" "Instruction_Memory" 2 32, 10 1 0, S_00000258c68a7db0;
 .timescale 0 0;
    .port_info 0 /INPUT 1 "clk";
    .port_info 1 /INPUT 1 "reset";
    .port_info 2 /INPUT 32 "read_address";
    .port_info 3 /OUTPUT 32 "instruction_out";
L_00000258c68b5e30 .functor BUFZ 32, L_00000258c693ed00, C4<00000000000000000000000000000000>, C4<00000000000000000000000000000000>, C4<00000000000000000000000000000000>;
v00000258c693a710 .array "I_Mem", 63 0, 31 0;
v00000258c6939a90_0 .net *"_ivl_0", 31 0, L_00000258c693ed00;  1 drivers
v00000258c693a210_0 .net *"_ivl_3", 29 0, L_00000258c693fac0;  1 drivers
v00000258c693a2b0_0 .net "clk", 0 0, o00000258c68e33d8;  alias, 0 drivers
v00000258c693da10_0 .net "instruction_out", 31 0, L_00000258c68b5e30;  alias, 1 drivers
v00000258c693d830_0 .var/i "k", 31 0;
v00000258c693ce30_0 .net "read_address", 31 0, v00000258c693df10_0;  alias, 1 drivers
v00000258c693ddd0_0 .net "reset", 0 0, o00000258c68e3438;  alias, 0 drivers
E_00000258c68cf720 .event posedge, v00000258c6939db0_0, v00000258c6939bd0_0;
L_00000258c693ed00 .array/port v00000258c693a710, L_00000258c693fac0;
L_00000258c693fac0 .part v00000258c693df10_0, 2, 30;
S_00000258c68b8d20 .scope module, "Memory_mux" "Mux3" 2 100, 4 21 0, S_00000258c68a7db0;
 .timescale 0 0;
    .port_info 0 /INPUT 1 "sel3";
    .port_info 1 /INPUT 32 "A3";
    .port_info 2 /INPUT 32 "B3";
    .port_info 3 /OUTPUT 32 "Mux3_out";
L_00000258c6950238 .functor BUFT 1, C4<0>, C4<0>, C4<0>, C4<0>;
L_00000258c6940ec0 .functor XNOR 1, v00000258c6939130_0, L_00000258c6950238, C4<0>, C4<0>;
v00000258c693d150_0 .net "A3", 31 0, v00000258c69389b0_0;  alias, 1 drivers
v00000258c693db50_0 .net "B3", 31 0, L_00000258c693f3e0;  alias, 1 drivers
v00000258c693de70_0 .net "Mux3_out", 31 0, L_00000258c693f2a0;  alias, 1 drivers
v00000258c693e050_0 .net/2u *"_ivl_0", 0 0, L_00000258c6950238;  1 drivers
v00000258c693e4b0_0 .net *"_ivl_2", 0 0, L_00000258c6940ec0;  1 drivers
v00000258c693d3d0_0 .net "sel3", 0 0, v00000258c6939130_0;  alias, 1 drivers
L_00000258c693f2a0 .functor MUXZ 32, L_00000258c693f3e0, v00000258c69389b0_0, L_00000258c6940ec0, C4<>;
S_00000258c68b4c10 .scope module, "PC_Adder" "PCplus4" 2 29, 11 1 0, S_00000258c68a7db0;
 .timescale 0 0;
    .port_info 0 /INPUT 32 "fromPC";
    .port_info 1 /OUTPUT 32 "NextoPC";
v00000258c693d5b0_0 .net "NextoPC", 31 0, L_00000258c693fa20;  alias, 1 drivers
L_00000258c6950088 .functor BUFT 1, C4<00000000000000000000000000000100>, C4<0>, C4<0>, C4<0>;
v00000258c693cbb0_0 .net/2u *"_ivl_0", 31 0, L_00000258c6950088;  1 drivers
v00000258c693c9d0_0 .net "fromPC", 31 0, v00000258c693df10_0;  alias, 1 drivers
L_00000258c693fa20 .arith/sum 32, L_00000258c6950088, v00000258c693df10_0;
S_00000258c68b4da0 .scope module, "Program_Counter" "Program_Counter" 2 22, 12 1 0, S_00000258c68a7db0;
 .timescale 0 0;
    .port_info 0 /INPUT 1 "clk";
    .port_info 1 /INPUT 1 "reset";
    .port_info 2 /INPUT 32 "PC_in";
    .port_info 3 /OUTPUT 32 "PC_out";
v00000258c693e870_0 .net "PC_in", 31 0, L_00000258c6940880;  alias, 1 drivers
v00000258c693df10_0 .var "PC_out", 31 0;
v00000258c693e0f0_0 .net "clk", 0 0, o00000258c68e33d8;  alias, 0 drivers
v00000258c693dd30_0 .net "reset", 0 0, o00000258c68e3438;  alias, 0 drivers
S_00000258c689c5b0 .scope module, "Register_File" "Register_File" 2 38, 13 1 0, S_00000258c68a7db0;
 .timescale 0 0;
    .port_info 0 /INPUT 1 "clk";
    .port_info 1 /INPUT 1 "reset";
    .port_info 2 /INPUT 5 "Rs1";
    .port_info 3 /INPUT 5 "Rs2";
    .port_info 4 /INPUT 5 "Rd";
    .port_info 5 /INPUT 32 "Write_data";
    .port_info 6 /INPUT 1 "RegWrite";
    .port_info 7 /OUTPUT 32 "read_data1";
    .port_info 8 /OUTPUT 32 "read_data2";
L_00000258c68b5ff0 .functor BUFZ 32, L_00000258c6940560, C4<00000000000000000000000000000000>, C4<00000000000000000000000000000000>, C4<00000000000000000000000000000000>;
L_00000258c69417f0 .functor BUFZ 32, L_00000258c69402e0, C4<00000000000000000000000000000000>, C4<00000000000000000000000000000000>, C4<00000000000000000000000000000000>;
v00000258c693cf70_0 .net "Rd", 4 0, L_00000258c6940100;  1 drivers
v00000258c693e550_0 .net "RegWrite", 0 0, v00000258c693a670_0;  alias, 1 drivers
v00000258c693dbf0 .array "Registers", 0 31, 31 0;
v00000258c693e190_0 .net "Rs1", 4 0, L_00000258c6940600;  1 drivers
v00000258c693d0b0_0 .net "Rs2", 4 0, L_00000258c6940380;  1 drivers
v00000258c693d1f0_0 .net "Write_data", 31 0, L_00000258c693f2a0;  alias, 1 drivers
v00000258c693e5f0_0 .net *"_ivl_0", 31 0, L_00000258c6940560;  1 drivers
v00000258c693d010_0 .net *"_ivl_10", 6 0, L_00000258c693fb60;  1 drivers
L_00000258c6950118 .functor BUFT 1, C4<00>, C4<0>, C4<0>, C4<0>;
v00000258c693d470_0 .net *"_ivl_13", 1 0, L_00000258c6950118;  1 drivers
v00000258c693d330_0 .net *"_ivl_2", 6 0, L_00000258c693eda0;  1 drivers
L_00000258c69500d0 .functor BUFT 1, C4<00>, C4<0>, C4<0>, C4<0>;
v00000258c693ca70_0 .net *"_ivl_5", 1 0, L_00000258c69500d0;  1 drivers
v00000258c693e730_0 .net *"_ivl_8", 31 0, L_00000258c69402e0;  1 drivers
v00000258c693dfb0_0 .net "clk", 0 0, o00000258c68e33d8;  alias, 0 drivers
v00000258c693d290_0 .net "read_data1", 31 0, L_00000258c68b5ff0;  alias, 1 drivers
v00000258c693e690_0 .net "read_data2", 31 0, L_00000258c69417f0;  alias, 1 drivers
v00000258c693e7d0_0 .net "reset", 0 0, o00000258c68e3438;  alias, 0 drivers
L_00000258c6940560 .array/port v00000258c693dbf0, L_00000258c693eda0;
L_00000258c693eda0 .concat [ 5 2 0 0], L_00000258c6940600, L_00000258c69500d0;
L_00000258c69402e0 .array/port v00000258c693dbf0, L_00000258c693fb60;
L_00000258c693fb60 .concat [ 5 2 0 0], L_00000258c6940380, L_00000258c6950118;
    .scope S_00000258c68b4da0;
T_0 ;
    %wait E_00000258c68cf5e0;
    %load/vec4 v00000258c693dd30_0;
    %flag_set/vec4 8;
    %jmp/0xz  T_0.0, 8;
    %pushi/vec4 0, 0, 32;
    %assign/vec4 v00000258c693df10_0, 0;
    %jmp T_0.1;
T_0.0 ;
    %load/vec4 v00000258c693e870_0;
    %assign/vec4 v00000258c693df10_0, 0;
T_0.1 ;
    %jmp T_0;
    .thread T_0;
    .scope S_00000258c68b8b90;
T_1 ;
    %wait E_00000258c68cf720;
    %load/vec4 v00000258c693ddd0_0;
    %flag_set/vec4 8;
    %jmp/0xz  T_1.0, 8;
    %pushi/vec4 0, 0, 32;
    %store/vec4 v00000258c693d830_0, 0, 32;
T_1.2 ;
    %load/vec4 v00000258c693d830_0;
    %cmpi/s 64, 0, 32;
    %jmp/0xz T_1.3, 5;
    %pushi/vec4 0, 0, 32;
    %ix/getv/s 3, v00000258c693d830_0;
    %ix/load 4, 0, 0; Constant delay
    %assign/vec4/a/d v00000258c693a710, 0, 4;
    %load/vec4 v00000258c693d830_0;
    %addi 1, 0, 32;
    %store/vec4 v00000258c693d830_0, 0, 32;
    %jmp T_1.2;
T_1.3 ;
    %pushi/vec4 26740403, 0, 32;
    %ix/load 3, 0, 0;
    %flag_set/imm 4, 0;
    %ix/load 4, 0, 0; Constant delay
    %assign/vec4/a/d v00000258c693a710, 0, 4;
    %pushi/vec4 1081279155, 0, 32;
    %ix/load 3, 1, 0;
    %flag_set/imm 4, 0;
    %ix/load 4, 0, 0; Constant delay
    %assign/vec4/a/d v00000258c693a710, 0, 4;
    %pushi/vec4 2192051, 0, 32;
    %ix/load 3, 2, 0;
    %flag_set/imm 4, 0;
    %ix/load 4, 0, 0; Constant delay
    %assign/vec4/a/d v00000258c693a710, 0, 4;
    %pushi/vec4 4305715, 0, 32;
    %ix/load 3, 3, 0;
    %flag_set/imm 4, 0;
    %ix/load 4, 0, 0; Constant delay
    %assign/vec4/a/d v00000258c693a710, 0, 4;
T_1.0 ;
    %jmp T_1;
    .thread T_1;
    .scope S_00000258c689c5b0;
T_2 ;
    %pushi/vec4 0, 0, 32;
    %ix/load 4, 0, 0;
    %flag_set/imm 4, 0;
    %store/vec4a v00000258c693dbf0, 4, 0;
    %pushi/vec4 12, 0, 32;
    %ix/load 4, 1, 0;
    %flag_set/imm 4, 0;
    %store/vec4a v00000258c693dbf0, 4, 0;
    %pushi/vec4 0, 0, 32;
    %ix/load 4, 2, 0;
    %flag_set/imm 4, 0;
    %store/vec4a v00000258c693dbf0, 4, 0;
    %pushi/vec4 0, 0, 32;
    %ix/load 4, 3, 0;
    %flag_set/imm 4, 0;
    %store/vec4a v00000258c693dbf0, 4, 0;
    %pushi/vec4 1, 0, 32;
    %ix/load 4, 4, 0;
    %flag_set/imm 4, 0;
    %store/vec4a v00000258c693dbf0, 4, 0;
    %pushi/vec4 45, 0, 32;
    %ix/load 4, 5, 0;
    %flag_set/imm 4, 0;
    %store/vec4a v00000258c693dbf0, 4, 0;
    %pushi/vec4 56, 0, 32;
    %ix/load 4, 6, 0;
    %flag_set/imm 4, 0;
    %store/vec4a v00000258c693dbf0, 4, 0;
    %pushi/vec4 67, 0, 32;
    %ix/load 4, 7, 0;
    %flag_set/imm 4, 0;
    %store/vec4a v00000258c693dbf0, 4, 0;
    %pushi/vec4 78, 0, 32;
    %ix/load 4, 8, 0;
    %flag_set/imm 4, 0;
    %store/vec4a v00000258c693dbf0, 4, 0;
    %pushi/vec4 89, 0, 32;
    %ix/load 4, 9, 0;
    %flag_set/imm 4, 0;
    %store/vec4a v00000258c693dbf0, 4, 0;
    %pushi/vec4 90, 0, 32;
    %ix/load 4, 10, 0;
    %flag_set/imm 4, 0;
    %store/vec4a v00000258c693dbf0, 4, 0;
    %pushi/vec4 11, 0, 32;
    %ix/load 4, 11, 0;
    %flag_set/imm 4, 0;
    %store/vec4a v00000258c693dbf0, 4, 0;
    %pushi/vec4 22, 0, 32;
    %ix/load 4, 12, 0;
    %flag_set/imm 4, 0;
    %store/vec4a v00000258c693dbf0, 4, 0;
    %pushi/vec4 33, 0, 32;
    %ix/load 4, 13, 0;
    %flag_set/imm 4, 0;
    %store/vec4a v00000258c693dbf0, 4, 0;
    %pushi/vec4 44, 0, 32;
    %ix/load 4, 14, 0;
    %flag_set/imm 4, 0;
    %store/vec4a v00000258c693dbf0, 4, 0;
    %pushi/vec4 55, 0, 32;
    %ix/load 4, 15, 0;
    %flag_set/imm 4, 0;
    %store/vec4a v00000258c693dbf0, 4, 0;
    %pushi/vec4 66, 0, 32;
    %ix/load 4, 16, 0;
    %flag_set/imm 4, 0;
    %store/vec4a v00000258c693dbf0, 4, 0;
    %pushi/vec4 77, 0, 32;
    %ix/load 4, 17, 0;
    %flag_set/imm 4, 0;
    %store/vec4a v00000258c693dbf0, 4, 0;
    %pushi/vec4 88, 0, 32;
    %ix/load 4, 18, 0;
    %flag_set/imm 4, 0;
    %store/vec4a v00000258c693dbf0, 4, 0;
    %pushi/vec4 99, 0, 32;
    %ix/load 4, 19, 0;
    %flag_set/imm 4, 0;
    %store/vec4a v00000258c693dbf0, 4, 0;
    %pushi/vec4 100, 0, 32;
    %ix/load 4, 20, 0;
    %flag_set/imm 4, 0;
    %store/vec4a v00000258c693dbf0, 4, 0;
    %pushi/vec4 111, 0, 32;
    %ix/load 4, 21, 0;
    %flag_set/imm 4, 0;
    %store/vec4a v00000258c693dbf0, 4, 0;
    %pushi/vec4 122, 0, 32;
    %ix/load 4, 22, 0;
    %flag_set/imm 4, 0;
    %store/vec4a v00000258c693dbf0, 4, 0;
    %pushi/vec4 133, 0, 32;
    %ix/load 4, 23, 0;
    %flag_set/imm 4, 0;
    %store/vec4a v00000258c693dbf0, 4, 0;
    %pushi/vec4 144, 0, 32;
    %ix/load 4, 24, 0;
    %flag_set/imm 4, 0;
    %store/vec4a v00000258c693dbf0, 4, 0;
    %pushi/vec4 155, 0, 32;
    %ix/load 4, 25, 0;
    %flag_set/imm 4, 0;
    %store/vec4a v00000258c693dbf0, 4, 0;
    %pushi/vec4 166, 0, 32;
    %ix/load 4, 26, 0;
    %flag_set/imm 4, 0;
    %store/vec4a v00000258c693dbf0, 4, 0;
    %pushi/vec4 177, 0, 32;
    %ix/load 4, 27, 0;
    %flag_set/imm 4, 0;
    %store/vec4a v00000258c693dbf0, 4, 0;
    %pushi/vec4 188, 0, 32;
    %ix/load 4, 28, 0;
    %flag_set/imm 4, 0;
    %store/vec4a v00000258c693dbf0, 4, 0;
    %pushi/vec4 199, 0, 32;
    %ix/load 4, 29, 0;
    %flag_set/imm 4, 0;
    %store/vec4a v00000258c693dbf0, 4, 0;
    %pushi/vec4 200, 0, 32;
    %ix/load 4, 30, 0;
    %flag_set/imm 4, 0;
    %store/vec4a v00000258c693dbf0, 4, 0;
    %pushi/vec4 255, 0, 32;
    %ix/load 4, 31, 0;
    %flag_set/imm 4, 0;
    %store/vec4a v00000258c693dbf0, 4, 0;
    %end;
    .thread T_2;
    .scope S_00000258c689c5b0;
T_3 ;
    %wait E_00000258c68cf720;
    %load/vec4 v00000258c693e550_0;
    %flag_set/vec4 9;
    %flag_get/vec4 9;
    %jmp/0 T_3.2, 9;
    %load/vec4 v00000258c693cf70_0;
    %pad/u 32;
    %pushi/vec4 0, 0, 32;
    %cmp/ne;
    %flag_get/vec4 4;
    %and;
T_3.2;
    %flag_set/vec4 8;
    %jmp/0xz  T_3.0, 8;
    %load/vec4 v00000258c693d1f0_0;
    %load/vec4 v00000258c693cf70_0;
    %pad/u 7;
    %ix/vec4 3;
    %ix/load 4, 0, 0; Constant delay
    %assign/vec4/a/d v00000258c693dbf0, 0, 4;
T_3.0 ;
    %jmp T_3;
    .thread T_3;
    .scope S_00000258c68baa70;
T_4 ;
    %wait E_00000258c68cf620;
    %load/vec4 v00000258c6939950_0;
    %dup/vec4;
    %pushi/vec4 3, 0, 7;
    %cmp/u;
    %jmp/1 T_4.0, 6;
    %dup/vec4;
    %pushi/vec4 35, 0, 7;
    %cmp/u;
    %jmp/1 T_4.1, 6;
    %dup/vec4;
    %pushi/vec4 99, 0, 7;
    %cmp/u;
    %jmp/1 T_4.2, 6;
    %jmp T_4.3;
T_4.0 ;
    %load/vec4 v00000258c69399f0_0;
    %parti/s 1, 31, 6;
    %replicate 20;
    %load/vec4 v00000258c69399f0_0;
    %parti/s 12, 20, 6;
    %concat/vec4; draw_concat_vec4
    %assign/vec4 v00000258c693a170_0, 0;
    %jmp T_4.3;
T_4.1 ;
    %load/vec4 v00000258c69399f0_0;
    %parti/s 1, 31, 6;
    %replicate 20;
    %load/vec4 v00000258c69399f0_0;
    %parti/s 7, 25, 6;
    %concat/vec4; draw_concat_vec4
    %load/vec4 v00000258c69399f0_0;
    %parti/s 5, 7, 4;
    %concat/vec4; draw_concat_vec4
    %assign/vec4 v00000258c693a170_0, 0;
    %jmp T_4.3;
T_4.2 ;
    %load/vec4 v00000258c69399f0_0;
    %parti/s 1, 31, 6;
    %replicate 19;
    %load/vec4 v00000258c69399f0_0;
    %parti/s 1, 31, 6;
    %concat/vec4; draw_concat_vec4
    %load/vec4 v00000258c69399f0_0;
    %parti/s 6, 25, 6;
    %concat/vec4; draw_concat_vec4
    %load/vec4 v00000258c69399f0_0;
    %parti/s 4, 8, 5;
    %concat/vec4; draw_concat_vec4
    %concati/vec4 0, 0, 1;
    %pad/u 32;
    %assign/vec4 v00000258c693a170_0, 0;
    %jmp T_4.3;
T_4.3 ;
    %pop/vec4 1;
    %jmp T_4;
    .thread T_4, $push;
    .scope S_00000258c684e040;
T_5 ;
    %wait E_00000258c68cf420;
    %load/vec4 v00000258c6939ef0_0;
    %dup/vec4;
    %pushi/vec4 0, 0, 4;
    %cmp/u;
    %jmp/1 T_5.0, 6;
    %dup/vec4;
    %pushi/vec4 1, 0, 4;
    %cmp/u;
    %jmp/1 T_5.1, 6;
    %dup/vec4;
    %pushi/vec4 2, 0, 4;
    %cmp/u;
    %jmp/1 T_5.2, 6;
    %dup/vec4;
    %pushi/vec4 3, 0, 4;
    %cmp/u;
    %jmp/1 T_5.3, 6;
    %dup/vec4;
    %pushi/vec4 4, 0, 4;
    %cmp/u;
    %jmp/1 T_5.4, 6;
    %dup/vec4;
    %pushi/vec4 5, 0, 4;
    %cmp/u;
    %jmp/1 T_5.5, 6;
    %dup/vec4;
    %pushi/vec4 9, 0, 4;
    %cmp/u;
    %jmp/1 T_5.6, 6;
    %dup/vec4;
    %pushi/vec4 10, 0, 4;
    %cmp/u;
    %jmp/1 T_5.7, 6;
    %dup/vec4;
    %pushi/vec4 6, 0, 4;
    %cmp/u;
    %jmp/1 T_5.8, 6;
    %pushi/vec4 0, 0, 32;
    %store/vec4 v00000258c69389b0_0, 0, 32;
    %jmp T_5.10;
T_5.0 ;
    %load/vec4 v00000258c6939590_0;
    %load/vec4 v00000258c693a7b0_0;
    %and;
    %store/vec4 v00000258c69389b0_0, 0, 32;
    %jmp T_5.10;
T_5.1 ;
    %load/vec4 v00000258c6939590_0;
    %load/vec4 v00000258c693a7b0_0;
    %or;
    %store/vec4 v00000258c69389b0_0, 0, 32;
    %jmp T_5.10;
T_5.2 ;
    %load/vec4 v00000258c6939590_0;
    %load/vec4 v00000258c693a7b0_0;
    %add;
    %store/vec4 v00000258c69389b0_0, 0, 32;
    %jmp T_5.10;
T_5.3 ;
    %load/vec4 v00000258c6939590_0;
    %load/vec4 v00000258c693a7b0_0;
    %xor;
    %store/vec4 v00000258c69389b0_0, 0, 32;
    %jmp T_5.10;
T_5.4 ;
    %load/vec4 v00000258c6939590_0;
    %load/vec4 v00000258c693a7b0_0;
    %cmp/u;
    %flag_mov 8, 5;
    %jmp/0 T_5.11, 8;
    %pushi/vec4 1, 0, 32;
    %jmp/1 T_5.12, 8;
T_5.11 ; End of true expr.
    %pushi/vec4 0, 0, 32;
    %jmp/0 T_5.12, 8;
 ; End of false expr.
    %blend;
T_5.12;
    %store/vec4 v00000258c69389b0_0, 0, 32;
    %jmp T_5.10;
T_5.5 ;
    %load/vec4 v00000258c6939590_0;
    %load/vec4 v00000258c693a7b0_0;
    %parti/s 5, 0, 2;
    %ix/vec4 4;
    %shiftl 4;
    %store/vec4 v00000258c69389b0_0, 0, 32;
    %jmp T_5.10;
T_5.6 ;
    %load/vec4 v00000258c6939590_0;
    %load/vec4 v00000258c693a7b0_0;
    %parti/s 5, 0, 2;
    %ix/vec4 4;
    %shiftr 4;
    %store/vec4 v00000258c69389b0_0, 0, 32;
    %jmp T_5.10;
T_5.7 ;
    %load/vec4 v00000258c6939590_0;
    %load/vec4 v00000258c693a7b0_0;
    %parti/s 5, 0, 2;
    %ix/vec4 4;
    %shiftr/s 4;
    %store/vec4 v00000258c69389b0_0, 0, 32;
    %jmp T_5.10;
T_5.8 ;
    %load/vec4 v00000258c6939590_0;
    %load/vec4 v00000258c693a7b0_0;
    %sub;
    %store/vec4 v00000258c69389b0_0, 0, 32;
    %jmp T_5.10;
T_5.10 ;
    %pop/vec4 1;
    %load/vec4 v00000258c69389b0_0;
    %cmpi/e 0, 0, 32;
    %flag_mov 8, 4;
    %jmp/0 T_5.13, 8;
    %pushi/vec4 1, 0, 2;
    %jmp/1 T_5.14, 8;
T_5.13 ; End of true expr.
    %pushi/vec4 0, 0, 2;
    %jmp/0 T_5.14, 8;
 ; End of false expr.
    %blend;
T_5.14;
    %pad/s 1;
    %store/vec4 v00000258c693a3f0_0, 0, 1;
    %jmp T_5;
    .thread T_5, $push;
    .scope S_00000258c68ba8e0;
T_6 ;
    %wait E_00000258c68cf5e0;
    %load/vec4 v00000258c6939db0_0;
    %cmpi/e 1, 0, 1;
    %jmp/0xz  T_6.0, 4;
    %pushi/vec4 0, 0, 32;
    %store/vec4 v00000258c6939d10_0, 0, 32;
T_6.2 ;
    %load/vec4 v00000258c6939d10_0;
    %cmpi/s 64, 0, 32;
    %jmp/0xz T_6.3, 5;
    %pushi/vec4 0, 0, 32;
    %ix/getv/s 3, v00000258c6939d10_0;
    %ix/load 4, 0, 0; Constant delay
    %assign/vec4/a/d v00000258c69391d0, 0, 4;
    %load/vec4 v00000258c6939d10_0;
    %addi 1, 0, 32;
    %store/vec4 v00000258c6939d10_0, 0, 32;
    %jmp T_6.2;
T_6.3 ;
    %jmp T_6.1;
T_6.0 ;
    %load/vec4 v00000258c6939e50_0;
    %flag_set/vec4 8;
    %jmp/0xz  T_6.4, 8;
    %load/vec4 v00000258c6939810_0;
    %ix/getv 3, v00000258c69398b0_0;
    %ix/load 4, 0, 0; Constant delay
    %assign/vec4/a/d v00000258c69391d0, 0, 4;
T_6.4 ;
T_6.1 ;
    %jmp T_6;
    .thread T_6;
    .scope S_00000258c68a7f40;
T_7 ;
    %wait E_00000258c68cf2e0;
    %load/vec4 v00000258c68d8190_0;
    %dup/vec4;
    %pushi/vec4 0, 0, 2;
    %cmp/u;
    %jmp/1 T_7.0, 6;
    %dup/vec4;
    %pushi/vec4 1, 0, 2;
    %cmp/u;
    %jmp/1 T_7.1, 6;
    %dup/vec4;
    %pushi/vec4 2, 0, 2;
    %cmp/u;
    %jmp/1 T_7.2, 6;
    %pushi/vec4 15, 0, 4;
    %store/vec4 v00000258c68d82d0_0, 0, 4;
    %jmp T_7.4;
T_7.0 ;
    %pushi/vec4 2, 0, 4;
    %store/vec4 v00000258c68d82d0_0, 0, 4;
    %jmp T_7.4;
T_7.1 ;
    %load/vec4 v00000258c68d8410_0;
    %dup/vec4;
    %pushi/vec4 0, 0, 3;
    %cmp/u;
    %jmp/1 T_7.5, 6;
    %dup/vec4;
    %pushi/vec4 1, 0, 3;
    %cmp/u;
    %jmp/1 T_7.6, 6;
    %dup/vec4;
    %pushi/vec4 4, 0, 3;
    %cmp/u;
    %jmp/1 T_7.7, 6;
    %dup/vec4;
    %pushi/vec4 5, 0, 3;
    %cmp/u;
    %jmp/1 T_7.8, 6;
    %pushi/vec4 15, 0, 4;
    %store/vec4 v00000258c68d82d0_0, 0, 4;
    %jmp T_7.10;
T_7.5 ;
    %pushi/vec4 6, 0, 4;
    %store/vec4 v00000258c68d82d0_0, 0, 4;
    %jmp T_7.10;
T_7.6 ;
    %pushi/vec4 6, 0, 4;
    %store/vec4 v00000258c68d82d0_0, 0, 4;
    %jmp T_7.10;
T_7.7 ;
    %pushi/vec4 6, 0, 4;
    %store/vec4 v00000258c68d82d0_0, 0, 4;
    %jmp T_7.10;
T_7.8 ;
    %pushi/vec4 6, 0, 4;
    %store/vec4 v00000258c68d82d0_0, 0, 4;
    %jmp T_7.10;
T_7.10 ;
    %pop/vec4 1;
    %jmp T_7.4;
T_7.2 ;
    %load/vec4 v00000258c6938af0_0;
    %load/vec4 v00000258c68d8410_0;
    %concat/vec4; draw_concat_vec4
    %dup/vec4;
    %pushi/vec4 0, 0, 4;
    %cmp/u;
    %jmp/1 T_7.11, 6;
    %dup/vec4;
    %pushi/vec4 8, 0, 4;
    %cmp/u;
    %jmp/1 T_7.12, 6;
    %dup/vec4;
    %pushi/vec4 7, 0, 4;
    %cmp/u;
    %jmp/1 T_7.13, 6;
    %dup/vec4;
    %pushi/vec4 6, 0, 4;
    %cmp/u;
    %jmp/1 T_7.14, 6;
    %dup/vec4;
    %pushi/vec4 4, 0, 4;
    %cmp/u;
    %jmp/1 T_7.15, 6;
    %dup/vec4;
    %pushi/vec4 2, 0, 4;
    %cmp/u;
    %jmp/1 T_7.16, 6;
    %dup/vec4;
    %pushi/vec4 1, 0, 4;
    %cmp/u;
    %jmp/1 T_7.17, 6;
    %dup/vec4;
    %pushi/vec4 5, 0, 4;
    %cmp/u;
    %jmp/1 T_7.18, 6;
    %dup/vec4;
    %pushi/vec4 13, 0, 4;
    %cmp/u;
    %jmp/1 T_7.19, 6;
    %pushi/vec4 15, 0, 4;
    %store/vec4 v00000258c68d82d0_0, 0, 4;
    %jmp T_7.21;
T_7.11 ;
    %pushi/vec4 2, 0, 4;
    %store/vec4 v00000258c68d82d0_0, 0, 4;
    %jmp T_7.21;
T_7.12 ;
    %pushi/vec4 6, 0, 4;
    %store/vec4 v00000258c68d82d0_0, 0, 4;
    %jmp T_7.21;
T_7.13 ;
    %pushi/vec4 0, 0, 4;
    %store/vec4 v00000258c68d82d0_0, 0, 4;
    %jmp T_7.21;
T_7.14 ;
    %pushi/vec4 1, 0, 4;
    %store/vec4 v00000258c68d82d0_0, 0, 4;
    %jmp T_7.21;
T_7.15 ;
    %pushi/vec4 3, 0, 4;
    %store/vec4 v00000258c68d82d0_0, 0, 4;
    %jmp T_7.21;
T_7.16 ;
    %pushi/vec4 4, 0, 4;
    %store/vec4 v00000258c68d82d0_0, 0, 4;
    %jmp T_7.21;
T_7.17 ;
    %pushi/vec4 5, 0, 4;
    %store/vec4 v00000258c68d82d0_0, 0, 4;
    %jmp T_7.21;
T_7.18 ;
    %pushi/vec4 9, 0, 4;
    %store/vec4 v00000258c68d82d0_0, 0, 4;
    %jmp T_7.21;
T_7.19 ;
    %pushi/vec4 10, 0, 4;
    %store/vec4 v00000258c68d82d0_0, 0, 4;
    %jmp T_7.21;
T_7.21 ;
    %pop/vec4 1;
    %jmp T_7.4;
T_7.4 ;
    %pop/vec4 1;
    %jmp T_7;
    .thread T_7, $push;
    .scope S_00000258c68bafa0;
T_8 ;
    %wait E_00000258c68cfda0;
    %load/vec4 v00000258c693a0d0_0;
    %dup/vec4;
    %pushi/vec4 51, 0, 7;
    %cmp/u;
    %jmp/1 T_8.0, 6;
    %dup/vec4;
    %pushi/vec4 3, 0, 7;
    %cmp/u;
    %jmp/1 T_8.1, 6;
    %dup/vec4;
    %pushi/vec4 35, 0, 7;
    %cmp/u;
    %jmp/1 T_8.2, 6;
    %dup/vec4;
    %pushi/vec4 19, 0, 7;
    %cmp/u;
    %jmp/1 T_8.3, 6;
    %dup/vec4;
    %pushi/vec4 99, 0, 7;
    %cmp/u;
    %jmp/1 T_8.4, 6;
    %dup/vec4;
    %pushi/vec4 111, 0, 7;
    %cmp/u;
    %jmp/1 T_8.5, 6;
    %dup/vec4;
    %pushi/vec4 103, 0, 7;
    %cmp/u;
    %jmp/1 T_8.6, 6;
    %pushi/vec4 0, 0, 8;
    %split/vec4 2;
    %store/vec4 v00000258c6938d70_0, 0, 2;
    %split/vec4 1;
    %store/vec4 v00000258c6939b30_0, 0, 1;
    %split/vec4 1;
    %store/vec4 v00000258c6939450_0, 0, 1;
    %split/vec4 1;
    %store/vec4 v00000258c6939f90_0, 0, 1;
    %split/vec4 1;
    %store/vec4 v00000258c693a670_0, 0, 1;
    %split/vec4 1;
    %store/vec4 v00000258c6939130_0, 0, 1;
    %store/vec4 v00000258c6939630_0, 0, 1;
    %jmp T_8.8;
T_8.0 ;
    %pushi/vec4 34, 0, 8;
    %split/vec4 2;
    %store/vec4 v00000258c6938d70_0, 0, 2;
    %split/vec4 1;
    %store/vec4 v00000258c6939b30_0, 0, 1;
    %split/vec4 1;
    %store/vec4 v00000258c6939450_0, 0, 1;
    %split/vec4 1;
    %store/vec4 v00000258c6939f90_0, 0, 1;
    %split/vec4 1;
    %store/vec4 v00000258c693a670_0, 0, 1;
    %split/vec4 1;
    %store/vec4 v00000258c6939130_0, 0, 1;
    %store/vec4 v00000258c6939630_0, 0, 1;
    %jmp T_8.8;
T_8.1 ;
    %pushi/vec4 176, 0, 8;
    %split/vec4 2;
    %store/vec4 v00000258c6938d70_0, 0, 2;
    %split/vec4 1;
    %store/vec4 v00000258c6939b30_0, 0, 1;
    %split/vec4 1;
    %store/vec4 v00000258c6939450_0, 0, 1;
    %split/vec4 1;
    %store/vec4 v00000258c6939f90_0, 0, 1;
    %split/vec4 1;
    %store/vec4 v00000258c693a670_0, 0, 1;
    %split/vec4 1;
    %store/vec4 v00000258c6939130_0, 0, 1;
    %store/vec4 v00000258c6939630_0, 0, 1;
    %jmp T_8.8;
T_8.2 ;
    %pushi/vec4 136, 0, 8;
    %split/vec4 2;
    %store/vec4 v00000258c6938d70_0, 0, 2;
    %split/vec4 1;
    %store/vec4 v00000258c6939b30_0, 0, 1;
    %split/vec4 1;
    %store/vec4 v00000258c6939450_0, 0, 1;
    %split/vec4 1;
    %store/vec4 v00000258c6939f90_0, 0, 1;
    %split/vec4 1;
    %store/vec4 v00000258c693a670_0, 0, 1;
    %split/vec4 1;
    %store/vec4 v00000258c6939130_0, 0, 1;
    %store/vec4 v00000258c6939630_0, 0, 1;
    %jmp T_8.8;
T_8.3 ;
    %pushi/vec4 160, 0, 8;
    %split/vec4 2;
    %store/vec4 v00000258c6938d70_0, 0, 2;
    %split/vec4 1;
    %store/vec4 v00000258c6939b30_0, 0, 1;
    %split/vec4 1;
    %store/vec4 v00000258c6939450_0, 0, 1;
    %split/vec4 1;
    %store/vec4 v00000258c6939f90_0, 0, 1;
    %split/vec4 1;
    %store/vec4 v00000258c693a670_0, 0, 1;
    %split/vec4 1;
    %store/vec4 v00000258c6939130_0, 0, 1;
    %store/vec4 v00000258c6939630_0, 0, 1;
    %jmp T_8.8;
T_8.4 ;
    %pushi/vec4 5, 0, 8;
    %split/vec4 2;
    %store/vec4 v00000258c6938d70_0, 0, 2;
    %split/vec4 1;
    %store/vec4 v00000258c6939b30_0, 0, 1;
    %split/vec4 1;
    %store/vec4 v00000258c6939450_0, 0, 1;
    %split/vec4 1;
    %store/vec4 v00000258c6939f90_0, 0, 1;
    %split/vec4 1;
    %store/vec4 v00000258c693a670_0, 0, 1;
    %split/vec4 1;
    %store/vec4 v00000258c6939130_0, 0, 1;
    %store/vec4 v00000258c6939630_0, 0, 1;
    %jmp T_8.8;
T_8.5 ;
    %pushi/vec4 160, 0, 8;
    %split/vec4 2;
    %store/vec4 v00000258c6938d70_0, 0, 2;
    %split/vec4 1;
    %store/vec4 v00000258c6939b30_0, 0, 1;
    %split/vec4 1;
    %store/vec4 v00000258c6939450_0, 0, 1;
    %split/vec4 1;
    %store/vec4 v00000258c6939f90_0, 0, 1;
    %split/vec4 1;
    %store/vec4 v00000258c693a670_0, 0, 1;
    %split/vec4 1;
    %store/vec4 v00000258c6939130_0, 0, 1;
    %store/vec4 v00000258c6939630_0, 0, 1;
    %jmp T_8.8;
T_8.6 ;
    %pushi/vec4 160, 0, 8;
    %split/vec4 2;
    %store/vec4 v00000258c6938d70_0, 0, 2;
    %split/vec4 1;
    %store/vec4 v00000258c6939b30_0, 0, 1;
    %split/vec4 1;
    %store/vec4 v00000258c6939450_0, 0, 1;
    %split/vec4 1;
    %store/vec4 v00000258c6939f90_0, 0, 1;
    %split/vec4 1;
    %store/vec4 v00000258c693a670_0, 0, 1;
    %split/vec4 1;
    %store/vec4 v00000258c6939130_0, 0, 1;
    %store/vec4 v00000258c6939630_0, 0, 1;
    %jmp T_8.8;
T_8.8 ;
    %pop/vec4 1;
    %jmp T_8;
    .thread T_8, $push;
# The file index is used to find the file name in the following table.
:file_names 14;
    "N/A";
    "<interactive>";
    "RISCV_TOP.v";
    "./ALU_Control.v";
    "./Mux.v";
    "./ALU.v";
    "./AND_logic.v";
    "./Control_Unit.v";
    "./Data_Memory.v";
    "./ImmGen.v";
    "./Instruction_Memory.v";
    "./PCplus4.v";
    "./Program_Counter.v";
    "./Register_File.v";
